<?xml version="1.0" encoding="UTF-8"?>
<!-- Generated by org.testng.reporters.JUnitReportReporter -->
<testsuite hostname="DESKTOP-LSM8SKP" failures="1" tests="49" name="web.tests.login.Invalid_Login_Test" time="211.657" errors="0" timestamp="2024-02-02T16:57:48 IST" skipped="0">
  <testcase classname="web.tests.login.Invalid_Login_Test" name="verify_punjabi_hypertext_link_is_working" time="3.434">
    <system-out>
      <![CDATA[Click on Punjabi hypertext]]>
    </system-out>
  </testcase> <!-- verify_punjabi_hypertext_link_is_working -->
  <testcase classname="web.tests.login.Invalid_Login_Test" name="verify_places_hypertext_is_present_on_page" time="2.458">
    <system-out>
      <![CDATA[verify Places hypertext is displayed
<h1 style="color:green;font-size:15px;">Test Passed</h1> ]]>
    </system-out>
  </testcase> <!-- verify_places_hypertext_is_present_on_page -->
  <testcase classname="web.tests.login.Invalid_Login_Test" name="verify_marathi_hypertext_link_is_working" time="3.610">
    <system-out>
      <![CDATA[Click on Marathi hypertext]]>
    </system-out>
  </testcase> <!-- verify_marathi_hypertext_link_is_working -->
  <testcase classname="web.tests.login.Invalid_Login_Test" name="verify_create_new_account_hypertext_link_is_working" time="2.367">
    <system-out>
      <![CDATA[Click on Create new account]]>
    </system-out>
  </testcase> <!-- verify_create_new_account_hypertext_link_is_working -->
  <testcase classname="web.tests.login.Invalid_Login_Test" name="verify_gujarati_hypertext_link_is_working" time="3.186">
    <system-out>
      <![CDATA[Click on Gujarati hypertext]]>
    </system-out>
  </testcase> <!-- verify_gujarati_hypertext_link_is_working -->
  <testcase classname="web.tests.login.Invalid_Login_Test" name="verify_malayalam_hypertext_link_is_working" time="2.963">
    <system-out>
      <![CDATA[Click on Malayalam hypertext]]>
    </system-out>
  </testcase> <!-- verify_malayalam_hypertext_link_is_working -->
  <testcase classname="web.tests.login.Invalid_Login_Test" name="verify_tamil_language_text_is_present_on_page" time="2.271">
    <system-out>
      <![CDATA[verify Tamil hypertext is displayed
<h1 style="color:green;font-size:15px;">Test Passed</h1> ]]>
    </system-out>
  </testcase> <!-- verify_tamil_language_text_is_present_on_page -->
  <testcase classname="web.tests.login.Invalid_Login_Test" name="verify_invalid_email_id_and_valid_password" time="4.969">
    <system-out>
      <![CDATA[Enter text orangejuice3323@gmail.com at locator Email
Enter text Harshal@2110 at locator password
Click on login button
verify button is displayed
<h1 style="color:green;font-size:15px;">Test Passed</h1> ]]>
    </system-out>
  </testcase> <!-- verify_invalid_email_id_and_valid_password -->
  <testcase classname="web.tests.login.Invalid_Login_Test" name="verify_log_in_hypertext_link_is_working" time="2.863">
    <system-out>
      <![CDATA[Click on Log in hypertext]]>
    </system-out>
  </testcase> <!-- verify_log_in_hypertext_link_is_working -->
  <testcase classname="web.tests.login.Invalid_Login_Test" name="verify_tamil_hypertext_link_is_working" time="3.101">
    <system-out>
      <![CDATA[Click on Tamil hypertext]]>
    </system-out>
  </testcase> <!-- verify_tamil_hypertext_link_is_working -->
  <testcase classname="web.tests.login.Invalid_Login_Test" name="verify_invalid_email_id_with_numbers" time="3.450">
    <system-out>
      <![CDATA[Enter text 1234455669826892732093799@gmail.com at locator Email
Enter text Harshal@2110 at locator password
Click on login button
verify button is displayed
<h1 style="color:green;font-size:15px;">Test Passed</h1> ]]>
    </system-out>
  </testcase> <!-- verify_invalid_email_id_with_numbers -->
  <testcase classname="web.tests.login.Invalid_Login_Test" name="verify_places_hypertext_link_is_working" time="4.120">
    <system-out>
      <![CDATA[Click on Places hypertext]]>
    </system-out>
  </testcase> <!-- verify_places_hypertext_link_is_working -->
  <testcase classname="web.tests.login.Invalid_Login_Test" name="verify_spanish_language_text_is_present_on_page" time="2.140">
    <system-out>
      <![CDATA[verify Spanish hypertext is displayed
<h1 style="color:green;font-size:15px;">Test Passed</h1> ]]>
    </system-out>
  </testcase> <!-- verify_spanish_language_text_is_present_on_page -->
  <testcase classname="web.tests.login.Invalid_Login_Test" name="verify_facebook_page_text_is_present" time="2.508">
    <system-out>
      <![CDATA[verify Facebook page text is displayed
<h1 style="color:green;font-size:15px;">Test Passed</h1> ]]>
    </system-out>
  </testcase> <!-- verify_facebook_page_text_is_present -->
  <testcase classname="web.tests.login.Invalid_Login_Test" name="verify_facebook_lite_hypertext_is_present_on_page" time="2.111">
    <system-out>
      <![CDATA[verify Facebook lite hypertext is displayed
<h1 style="color:green;font-size:15px;">Test Passed</h1> ]]>
    </system-out>
  </testcase> <!-- verify_facebook_lite_hypertext_is_present_on_page -->
  <testcase classname="web.tests.login.Invalid_Login_Test" name="verify_marketplace_hypertext_link_is_working" time="7.294">
    <system-out>
      <![CDATA[Click on Marketplace hypertext]]>
    </system-out>
  </testcase> <!-- verify_marketplace_hypertext_link_is_working -->
  <testcase classname="web.tests.login.Invalid_Login_Test" name="verify_sign_up_text_is_present_on_page" time="2.034">
    <system-out>
      <![CDATA[verify Sign up hypertext is displayed
<h1 style="color:green;font-size:15px;">Test Passed</h1> ]]>
    </system-out>
  </testcase> <!-- verify_sign_up_text_is_present_on_page -->
  <testcase classname="web.tests.login.Invalid_Login_Test" name="verify_Messenger_hypertext_is_present_on_page" time="2.069">
    <system-out>
      <![CDATA[verify Messenger hypertext is displayed
<h1 style="color:green;font-size:15px;">Test Passed</h1> ]]>
    </system-out>
  </testcase> <!-- verify_Messenger_hypertext_is_present_on_page -->
  <testcase classname="web.tests.login.Invalid_Login_Test" name="verify_punjabi_language_text_is_present_on_page" time="2.113">
    <system-out>
      <![CDATA[verify Punjabi hypertext is displayed
<h1 style="color:green;font-size:15px;">Test Passed</h1> ]]>
    </system-out>
  </testcase> <!-- verify_punjabi_language_text_is_present_on_page -->
  <testcase classname="web.tests.login.Invalid_Login_Test" name="verify_log_in_hypertext_text_is_present_on_page" time="2.188">
    <system-out>
      <![CDATA[verify Log in hypertext is displayed
<h1 style="color:green;font-size:15px;">Test Passed</h1> ]]>
    </system-out>
  </testcase> <!-- verify_log_in_hypertext_text_is_present_on_page -->
  <testcase classname="web.tests.login.Invalid_Login_Test" name="verify_invalid_password_with_numbers" time="62.713">
    <failure message="
Expecting value to be true but was false expected:&lt;[tru]e&gt; but was:&lt;[fals]e&gt;" type="org.junit.ComparisonFailure">
      <![CDATA[org.junit.ComparisonFailure: 
Expecting value to be true but was false expected:<[tru]e> but was:<[fals]e>
at java.base/jdk.internal.reflect.NativeConstructorAccessorImpl.newInstance0(Native Method)
at java.base/jdk.internal.reflect.NativeConstructorAccessorImpl.newInstance(NativeConstructorAccessorImpl.java:77)
at java.base/jdk.internal.reflect.DelegatingConstructorAccessorImpl.newInstance(DelegatingConstructorAccessorImpl.java:45)
at java.base/java.lang.reflect.Constructor.newInstanceWithCaller(Constructor.java:499)
at io.unity.performaction.autoweb.Verify.element_is_present(Verify.java:39)
at web.object_repository.Login.invalid_Login.Invalid_login.verify_invalid_password_with_numbers(Invalid_login.java:140)
at web.tests.login.Invalid_Login_Test.verify_invalid_password_with_numbers(Invalid_Login_Test.java:122)
at java.base/jdk.internal.reflect.NativeMethodAccessorImpl.invoke0(Native Method)
at java.base/jdk.internal.reflect.NativeMethodAccessorImpl.invoke(NativeMethodAccessorImpl.java:77)
at java.base/jdk.internal.reflect.DelegatingMethodAccessorImpl.invoke(DelegatingMethodAccessorImpl.java:43)
at java.base/java.lang.reflect.Method.invoke(Method.java:568)
at org.testng.internal.invokers.MethodInvocationHelper.invokeMethod(MethodInvocationHelper.java:139)
at org.testng.internal.invokers.TestInvoker.invokeMethod(TestInvoker.java:664)
at org.testng.internal.invokers.TestInvoker.invokeTestMethod(TestInvoker.java:227)
at org.testng.internal.invokers.MethodRunner.runInSequence(MethodRunner.java:50)
at org.testng.internal.invokers.TestInvoker$MethodInvocationAgent.invoke(TestInvoker.java:957)
at org.testng.internal.invokers.TestInvoker.invokeTestMethods(TestInvoker.java:200)
at org.testng.internal.invokers.TestMethodWorker.invokeTestMethods(TestMethodWorker.java:148)
at org.testng.internal.invokers.TestMethodWorker.run(TestMethodWorker.java:128)
at java.base/java.util.ArrayList.forEach(ArrayList.java:1511)
at org.testng.TestRunner.privateRun(TestRunner.java:848)
at org.testng.TestRunner.run(TestRunner.java:621)
at org.testng.SuiteRunner.runTest(SuiteRunner.java:443)
at org.testng.SuiteRunner$SuiteWorker.run(SuiteRunner.java:481)
at org.testng.internal.thread.ThreadUtil.lambda$execute$0(ThreadUtil.java:58)
at java.base/java.util.concurrent.FutureTask.run(FutureTask.java:264)
at java.base/java.util.concurrent.ThreadPoolExecutor.runWorker(ThreadPoolExecutor.java:1136)
at java.base/java.util.concurrent.ThreadPoolExecutor$Worker.run(ThreadPoolExecutor.java:635)
at java.base/java.lang.Thread.run(Thread.java:840)
]]>
    </failure>
    <system-out>
      <![CDATA[Enter text harshalsomani23@gmail.com at locator Email
Enter text Harshal@21100000000000000 at locator password
Click on login button
verify valid Email_invalid_password is displayed]]>
    </system-out>
  </testcase> <!-- verify_invalid_password_with_numbers -->
  <testcase classname="web.tests.login.Invalid_Login_Test" name="verify_games_hypertext_link_is_working" time="4.186">
    <system-out>
      <![CDATA[Click on Games hypertext]]>
    </system-out>
  </testcase> <!-- verify_games_hypertext_link_is_working -->
  <testcase classname="web.tests.login.Invalid_Login_Test" name="verify_bengali_language_text_is_present_on_page" time="2.042">
    <system-out>
      <![CDATA[verify Bengali hypertext is displayed
<h1 style="color:green;font-size:15px;">Test Passed</h1> ]]>
    </system-out>
  </testcase> <!-- verify_bengali_language_text_is_present_on_page -->
  <testcase classname="web.tests.login.Invalid_Login_Test" name="verify_create_a_page_hyperlink_is_working" time="4.569">
    <system-out>
      <![CDATA[Click on Create a page hypertext
Enter text harshalsomani23@gmail.com at locator Email
Enter text Harshal@2110 at locator password
Click on Create a page hyperlink login button]]>
    </system-out>
  </testcase> <!-- verify_create_a_page_hyperlink_is_working -->
  <testcase classname="web.tests.login.Invalid_Login_Test" name="verify_valid_message_is_present_when_entering_invalid_email_id" time="3.232">
    <system-out>
      <![CDATA[Enter text harshaaaaa2223@gmail.com at locator Email
Click on login button
verify button is displayed
<h1 style="color:green;font-size:15px;">Test Passed</h1> ]]>
    </system-out>
  </testcase> <!-- verify_valid_message_is_present_when_entering_invalid_email_id -->
  <testcase classname="web.tests.login.Invalid_Login_Test" name="verify_marathi_language_text_is_present_on_page" time="2.279">
    <system-out>
      <![CDATA[verify Marathi hypertext is displayed
<h1 style="color:green;font-size:15px;">Test Passed</h1> ]]>
    </system-out>
  </testcase> <!-- verify_marathi_language_text_is_present_on_page -->
  <testcase classname="web.tests.login.Invalid_Login_Test" name="verify_Messenger_hypertext_link_is_working" time="3.755">
    <system-out>
      <![CDATA[Click on Messenger hypertext]]>
    </system-out>
  </testcase> <!-- verify_Messenger_hypertext_link_is_working -->
  <testcase classname="web.tests.login.Invalid_Login_Test" name="verify_games_hypertext_is_present_on_page" time="3.471">
    <system-out>
      <![CDATA[verify Games hypertext is displayed
<h1 style="color:green;font-size:15px;">Test Passed</h1> ]]>
    </system-out>
  </testcase> <!-- verify_games_hypertext_is_present_on_page -->
  <testcase classname="web.tests.login.Invalid_Login_Test" name="verify_facebook_logo_is_present" time="2.291">
    <system-out>
      <![CDATA[verify Facebook logo is displayed
<h1 style="color:green;font-size:15px;">Test Passed</h1> ]]>
    </system-out>
  </testcase> <!-- verify_facebook_logo_is_present -->
  <testcase classname="web.tests.login.Invalid_Login_Test" name="verify_gujarati_language_text_is_present_on_page" time="2.333">
    <system-out>
      <![CDATA[verify Gujarati hypertext is displayed
<h1 style="color:green;font-size:15px;">Test Passed</h1> ]]>
    </system-out>
  </testcase> <!-- verify_gujarati_language_text_is_present_on_page -->
  <testcase classname="web.tests.login.Invalid_Login_Test" name="verify_valid_message_is_present_when_entering_invalid_password" time="3.129">
    <system-out>
      <![CDATA[Enter text harshal@2110 at locator password
Click on login button
verify button is displayed
<h1 style="color:green;font-size:15px;">Test Passed</h1> ]]>
    </system-out>
  </testcase> <!-- verify_valid_message_is_present_when_entering_invalid_password -->
  <testcase classname="web.tests.login.Invalid_Login_Test" name="verify_create_a_page_hypertext_is_present" time="2.506">
    <system-out>
      <![CDATA[verify Create a page hypertext is displayed
<h1 style="color:green;font-size:15px;">Test Passed</h1> ]]>
    </system-out>
  </testcase> <!-- verify_create_a_page_hypertext_is_present -->
  <testcase classname="web.tests.login.Invalid_Login_Test" name="verify_sign_up_hypertext_link_is_working" time="3.025">
    <system-out>
      <![CDATA[Click on Sign up hypertext]]>
    </system-out>
  </testcase> <!-- verify_sign_up_hypertext_link_is_working -->
  <testcase classname="web.tests.login.Invalid_Login_Test" name="verify_marketplace_hypertext_is_present_on_page" time="2.784">
    <system-out>
      <![CDATA[verify Marketplace hypertext is displayed
<h1 style="color:green;font-size:15px;">Test Passed</h1> ]]>
    </system-out>
  </testcase> <!-- verify_marketplace_hypertext_is_present_on_page -->
  <testcase classname="web.tests.login.Invalid_Login_Test" name="verify_spanish_hypertext_link_is_working" time="2.909">
    <system-out>
      <![CDATA[Click on Spanish hypertext]]>
    </system-out>
  </testcase> <!-- verify_spanish_hypertext_link_is_working -->
  <testcase classname="web.tests.login.Invalid_Login_Test" name="verify_valid_message_is_present_when_only_clicks_on_logins_button" time="5.535">
    <system-out>
      <![CDATA[Click on login button
verify button is displayed
<h1 style="color:green;font-size:15px;">Test Passed</h1> ]]>
    </system-out>
  </testcase> <!-- verify_valid_message_is_present_when_only_clicks_on_logins_button -->
  <testcase classname="web.tests.login.Invalid_Login_Test" name="verify_telugu_language_text_is_present_on_page" time="2.070">
    <system-out>
      <![CDATA[verify Telugu hypertext is displayed
<h1 style="color:green;font-size:15px;">Test Passed</h1> ]]>
    </system-out>
  </testcase> <!-- verify_telugu_language_text_is_present_on_page -->
  <testcase classname="web.tests.login.Invalid_Login_Test" name="verify_telugu_hypertext_link_is_working" time="2.958">
    <system-out>
      <![CDATA[Click on Telugu hypertext]]>
    </system-out>
  </testcase> <!-- verify_telugu_hypertext_link_is_working -->
  <testcase classname="web.tests.login.Invalid_Login_Test" name="verify_bengali_hypertext_link_is_working" time="3.012">
    <system-out>
      <![CDATA[Click on Bengali hypertext]]>
    </system-out>
  </testcase> <!-- verify_bengali_hypertext_link_is_working -->
  <testcase classname="web.tests.login.Invalid_Login_Test" name="verify_malayalam_language_text_is_present_on_page" time="2.114">
    <system-out>
      <![CDATA[verify Malayalam hypertext is displayed
<h1 style="color:green;font-size:15px;">Test Passed</h1> ]]>
    </system-out>
  </testcase> <!-- verify_malayalam_language_text_is_present_on_page -->
  <testcase classname="web.tests.login.Invalid_Login_Test" name="verify_video_hypertext_is_present_on_page" time="2.033">
    <system-out>
      <![CDATA[verify Video hypertext is displayed
<h1 style="color:green;font-size:15px;">Test Passed</h1> ]]>
    </system-out>
  </testcase> <!-- verify_video_hypertext_is_present_on_page -->
  <testcase classname="web.tests.login.Invalid_Login_Test" name="verify_forgotten_password_text_is_present" time="2.453">
    <system-out>
      <![CDATA[verify Forgot password text is displayed
<h1 style="color:green;font-size:15px;">Test Passed</h1> ]]>
    </system-out>
  </testcase> <!-- verify_forgotten_password_text_is_present -->
  <testcase classname="web.tests.login.Invalid_Login_Test" name="verify_facebook_lite_hypertext_link_is_working" time="2.828">
    <system-out>
      <![CDATA[Click on Facebook lite hypertext]]>
    </system-out>
  </testcase> <!-- verify_facebook_lite_hypertext_link_is_working -->
  <testcase classname="web.tests.login.Invalid_Login_Test" name="verify_valid_email_id_and_invalid_password" time="7.295">
    <system-out>
      <![CDATA[Enter text harshalsomani23@gmail.com at locator Email
Enter text harshal@2000 at locator password
Click on login button
verify valid Email_invalid_password is displayed
<h1 style="color:green;font-size:15px;">Test Passed</h1> ]]>
    </system-out>
  </testcase> <!-- verify_valid_email_id_and_invalid_password -->
  <testcase classname="web.tests.login.Invalid_Login_Test" name="verify_urdu_language_text_is_present_on_page" time="2.105">
    <system-out>
      <![CDATA[verify Urdu hypertext is displayed
<h1 style="color:green;font-size:15px;">Test Passed</h1> ]]>
    </system-out>
  </testcase> <!-- verify_urdu_language_text_is_present_on_page -->
  <testcase classname="web.tests.login.Invalid_Login_Test" name="verify_create_new_account_text_is_visible" time="2.362">
    <system-out>
      <![CDATA[verify Create new account text is displayed
<h1 style="color:green;font-size:15px;">Test Passed</h1> ]]>
    </system-out>
  </testcase> <!-- verify_create_new_account_text_is_visible -->
  <testcase classname="web.tests.login.Invalid_Login_Test" name="verify_forgotten_password_link_is_working" time="4.206">
    <system-out>
      <![CDATA[Click on Forgot password text
verify Forgot password link is displayed
<h1 style="color:green;font-size:15px;">Test Passed</h1> ]]>
    </system-out>
  </testcase> <!-- verify_forgotten_password_link_is_working -->
  <testcase classname="web.tests.login.Invalid_Login_Test" name="verify_urdu_hypertext_link_is_working" time="3.047">
    <system-out>
      <![CDATA[Click on Urdu hypertext]]>
    </system-out>
  </testcase> <!-- verify_urdu_hypertext_link_is_working -->
  <testcase classname="web.tests.login.Invalid_Login_Test" name="verify_video_hypertext_link_is_working" time="3.166">
    <system-out>
      <![CDATA[Click on Video hypertext]]>
    </system-out>
  </testcase> <!-- verify_video_hypertext_link_is_working -->
  <system-out>
    <![CDATA[Click on login button
verify button is displayed
Enter text harshalsomani23@gmail.com at locator Email
<h1 style="color:green;font-size:15px;">Test Passed</h1> 
Enter text Harshal@2110 at locator password
Click on login button
Enter text harshaaaaa2223@gmail.com at locator Email
Click on login button
verify button is displayed
<h1 style="color:green;font-size:15px;">Test Passed</h1> 
Enter text harshal@2110 at locator password
Click on login button
verify button is displayed
<h1 style="color:green;font-size:15px;">Test Passed</h1> 
verify Forgot password text is displayed
<h1 style="color:green;font-size:15px;">Test Passed</h1> 
Click on Forgot password text
verify Facebook logo is displayed
<h1 style="color:green;font-size:15px;">Test Passed</h1> 
verify Forgot password link is displayed
<h1 style="color:green;font-size:15px;">Test Passed</h1> 
verify Facebook page text is displayed
<h1 style="color:green;font-size:15px;">Test Passed</h1> 
verify Create a page hypertext is displayed
<h1 style="color:green;font-size:15px;">Test Passed</h1> 
Click on Create a page hypertext
verify Create new account text is displayed
<h1 style="color:green;font-size:15px;">Test Passed</h1> 
Enter text harshalsomani23@gmail.com at locator Email
Enter text Harshal@2110 at locator password
Click on Create a page hyperlink login button
Click on Create new account
verify Gujarati hypertext is displayed
<h1 style="color:green;font-size:15px;">Test Passed</h1> 
Click on Gujarati hypertext
verify Marathi hypertext is displayed
<h1 style="color:green;font-size:15px;">Test Passed</h1> 
Click on Marathi hypertext
Enter text harshalsomani23@gmail.com at locator Email
Enter text harshal@2000 at locator password
Click on login button
verify valid Email_invalid_password is displayed
Enter text orangejuice3323@gmail.com at locator Email
Enter text Harshal@2110 at locator password
Click on login button
verify button is displayed
<h1 style="color:green;font-size:15px;">Test Passed</h1> 
<h1 style="color:green;font-size:15px;">Test Passed</h1> 
Enter text 1234455669826892732093799@gmail.com at locator Email
Enter text Harshal@2110 at locator password
Click on login button
verify button is displayed
Enter text harshalsomani23@gmail.com at locator Email
Enter text Harshal@21100000000000000 at locator password
Click on login button
verify valid Email_invalid_password is displayed
<h1 style="color:green;font-size:15px;">Test Passed</h1> 
verify Urdu hypertext is displayed
<h1 style="color:green;font-size:15px;">Test Passed</h1> 
Click on Urdu hypertext
verify Punjabi hypertext is displayed
<h1 style="color:green;font-size:15px;">Test Passed</h1> 
Click on Punjabi hypertext
verify Tamil hypertext is displayed
<h1 style="color:green;font-size:15px;">Test Passed</h1> 
Click on Tamil hypertext
verify Telugu hypertext is displayed
<h1 style="color:green;font-size:15px;">Test Passed</h1> 
Click on Telugu hypertext
verify Bengali hypertext is displayed
<h1 style="color:green;font-size:15px;">Test Passed</h1> 
Click on Bengali hypertext
verify Malayalam hypertext is displayed
<h1 style="color:green;font-size:15px;">Test Passed</h1> 
Click on Malayalam hypertext
verify Spanish hypertext is displayed
<h1 style="color:green;font-size:15px;">Test Passed</h1> 
Click on Spanish hypertext
verify Sign up hypertext is displayed
<h1 style="color:green;font-size:15px;">Test Passed</h1> 
Click on Sign up hypertext
verify Log in hypertext is displayed
<h1 style="color:green;font-size:15px;">Test Passed</h1> 
Click on Log in hypertext
verify Messenger hypertext is displayed
<h1 style="color:green;font-size:15px;">Test Passed</h1> 
Click on Messenger hypertext
verify Facebook lite hypertext is displayed
<h1 style="color:green;font-size:15px;">Test Passed</h1> 
Click on Facebook lite hypertext
verify Video hypertext is displayed
<h1 style="color:green;font-size:15px;">Test Passed</h1> 
<h1 style="color:red;font-size:15px;">Test Failed</h1>   
<img src="C:\Users\Harshal\IdeaProjects\PracticeST\src\test\resources\failed_test_screenshot\verify_invalid_password_with_numbers_iSiRt.png" alt="test" width="1024" height="640">
Click on Video hypertext
verify Places hypertext is displayed
<h1 style="color:green;font-size:15px;">Test Passed</h1> 
Click on Places hypertext
verify Games hypertext is displayed
<h1 style="color:green;font-size:15px;">Test Passed</h1> 
Click on Games hypertext
verify Marketplace hypertext is displayed
<h1 style="color:green;font-size:15px;">Test Passed</h1> 
Click on Marketplace hypertext]]>
  </system-out>
</testsuite> <!-- web.tests.login.Invalid_Login_Test -->
