<?xml version="1.0" encoding="UTF-8"?>
<!-- Generated by org.testng.reporters.JUnitReportReporter -->
<testsuite hostname="DESKTOP-LSM8SKP" failures="0" tests="1" name="web.tests.login.LoginPageTest" time="13.519" errors="0" timestamp="2024-02-02T16:57:48 IST" skipped="0">
  <testcase classname="web.tests.login.LoginPageTest" name="enter_email" time="13.519">
    <system-out>
      <![CDATA[Enter text harshalsomani23@gmail.com at locator Email
Enter text Harshal@2110 at locator password
Click on login button]]>
    </system-out>
  </testcase> <!-- enter_email -->
  <system-out>
    <![CDATA[Click on login button
verify button is displayed
Enter text harshalsomani23@gmail.com at locator Email
<h1 style="color:green;font-size:15px;">Test Passed</h1> 
Enter text Harshal@2110 at locator password
Click on login button
Enter text harshaaaaa2223@gmail.com at locator Email
Click on login button
verify button is displayed
<h1 style="color:green;font-size:15px;">Test Passed</h1> 
Enter text harshal@2110 at locator password
Click on login button
verify button is displayed
<h1 style="color:green;font-size:15px;">Test Passed</h1> 
verify Forgot password text is displayed
<h1 style="color:green;font-size:15px;">Test Passed</h1> 
Click on Forgot password text
verify Facebook logo is displayed
<h1 style="color:green;font-size:15px;">Test Passed</h1> 
verify Forgot password link is displayed
<h1 style="color:green;font-size:15px;">Test Passed</h1> 
verify Facebook page text is displayed
<h1 style="color:green;font-size:15px;">Test Passed</h1> 
verify Create a page hypertext is displayed
<h1 style="color:green;font-size:15px;">Test Passed</h1> 
Click on Create a page hypertext
verify Create new account text is displayed
<h1 style="color:green;font-size:15px;">Test Passed</h1> 
Enter text harshalsomani23@gmail.com at locator Email
Enter text Harshal@2110 at locator password
Click on Create a page hyperlink login button
Click on Create new account
verify Gujarati hypertext is displayed
<h1 style="color:green;font-size:15px;">Test Passed</h1> 
Click on Gujarati hypertext
verify Marathi hypertext is displayed
<h1 style="color:green;font-size:15px;">Test Passed</h1> 
Click on Marathi hypertext
Enter text harshalsomani23@gmail.com at locator Email
Enter text harshal@2000 at locator password
Click on login button
verify valid Email_invalid_password is displayed
Enter text orangejuice3323@gmail.com at locator Email
Enter text Harshal@2110 at locator password
Click on login button
verify button is displayed
<h1 style="color:green;font-size:15px;">Test Passed</h1> 
<h1 style="color:green;font-size:15px;">Test Passed</h1> 
Enter text 1234455669826892732093799@gmail.com at locator Email
Enter text Harshal@2110 at locator password
Click on login button
verify button is displayed
Enter text harshalsomani23@gmail.com at locator Email
Enter text Harshal@21100000000000000 at locator password
Click on login button
verify valid Email_invalid_password is displayed
<h1 style="color:green;font-size:15px;">Test Passed</h1> 
verify Urdu hypertext is displayed
<h1 style="color:green;font-size:15px;">Test Passed</h1> 
Click on Urdu hypertext
verify Punjabi hypertext is displayed
<h1 style="color:green;font-size:15px;">Test Passed</h1> 
Click on Punjabi hypertext
verify Tamil hypertext is displayed
<h1 style="color:green;font-size:15px;">Test Passed</h1> 
Click on Tamil hypertext
verify Telugu hypertext is displayed
<h1 style="color:green;font-size:15px;">Test Passed</h1> 
Click on Telugu hypertext
verify Bengali hypertext is displayed
<h1 style="color:green;font-size:15px;">Test Passed</h1> 
Click on Bengali hypertext
verify Malayalam hypertext is displayed
<h1 style="color:green;font-size:15px;">Test Passed</h1> 
Click on Malayalam hypertext
verify Spanish hypertext is displayed
<h1 style="color:green;font-size:15px;">Test Passed</h1> 
Click on Spanish hypertext
verify Sign up hypertext is displayed
<h1 style="color:green;font-size:15px;">Test Passed</h1> 
Click on Sign up hypertext
verify Log in hypertext is displayed
<h1 style="color:green;font-size:15px;">Test Passed</h1> 
Click on Log in hypertext
verify Messenger hypertext is displayed
<h1 style="color:green;font-size:15px;">Test Passed</h1> 
Click on Messenger hypertext
verify Facebook lite hypertext is displayed
<h1 style="color:green;font-size:15px;">Test Passed</h1> 
Click on Facebook lite hypertext
verify Video hypertext is displayed
<h1 style="color:green;font-size:15px;">Test Passed</h1> 
<h1 style="color:red;font-size:15px;">Test Failed</h1>   
<img src="C:\Users\Harshal\IdeaProjects\PracticeST\src\test\resources\failed_test_screenshot\verify_invalid_password_with_numbers_iSiRt.png" alt="test" width="1024" height="640">
Click on Video hypertext
verify Places hypertext is displayed
<h1 style="color:green;font-size:15px;">Test Passed</h1> 
Click on Places hypertext
verify Games hypertext is displayed
<h1 style="color:green;font-size:15px;">Test Passed</h1> 
Click on Games hypertext
verify Marketplace hypertext is displayed
<h1 style="color:green;font-size:15px;">Test Passed</h1> 
Click on Marketplace hypertext]]>
  </system-out>
</testsuite> <!-- web.tests.login.LoginPageTest -->
